<?xml version="1.0" encoding="UTF-8"?>
<!-- Generated by org.testng.reporters.JUnitReportReporter -->
<testsuite hostname="AdithyaNaidu" failures="0" tests="1" name="testcases.TC_001_AccReg" time="2.454" errors="0" timestamp="2023-11-01T11:02:14 IST" skipped="0">
  <testcase classname="testcases.TC_001_AccReg" name="test_account_registeration" time="2.454"/>
</testsuite> <!-- testcases.TC_001_AccReg -->
